<?xml version="1.0" encoding="UTF-8"?>
<testng-results ignored="0" total="1" passed="1" failed="0" skipped="0">
  <reporter-output>
  </reporter-output>
  <suite started-at="2025-06-14T12:38:01 IST" name="Suite" finished-at="2025-06-14T12:38:38 IST" duration-ms="36202">
    <groups>
    </groups>
    <test started-at="2025-06-14T12:38:01 IST" name="Test" finished-at="2025-06-14T12:38:38 IST" duration-ms="36202">
      <class name="Demo.Frames.Frames">
        <test-method is-config="true" signature="browserSteup()[pri:0, instance:Demo.Frames.Frames@44ebcd03]" started-at="2025-06-14T12:38:02 IST" name="browserSteup" finished-at="2025-06-14T12:38:10 IST" duration-ms="8565" status="PASS">
          <reporter-output>
          </reporter-output>
        </test-method> <!-- browserSteup -->
        <test-method signature="mainFramesDriver()[pri:0, instance:Demo.Frames.Frames@44ebcd03]" started-at="2025-06-14T12:38:10 IST" name="mainFramesDriver" finished-at="2025-06-14T12:38:38 IST" duration-ms="27434" status="PASS">
          <reporter-output>
          </reporter-output>
        </test-method> <!-- mainFramesDriver -->
        <test-method is-config="true" signature="closeBrowser()[pri:0, instance:Demo.Frames.Frames@44ebcd03]" started-at="2025-06-14T12:38:38 IST" name="closeBrowser" finished-at="2025-06-14T12:38:38 IST" duration-ms="0" status="PASS">
          <reporter-output>
          </reporter-output>
        </test-method> <!-- closeBrowser -->
      </class> <!-- Demo.Frames.Frames -->
    </test> <!-- Test -->
  </suite> <!-- Suite -->
</testng-results>
